<?xml version="1.0" encoding="UTF-8"?>
<testsuite xmlns:xsi="http://www.w3.org/2001/XMLSchema-instance" xsi:noNamespaceSchemaLocation="https://maven.apache.org/surefire/maven-surefire-plugin/xsd/surefire-test-report-3.0.xsd" version="3.0" name="if5.datasystems.core.models.algebra.OperatorTest" time="0.053" tests="10" errors="0" skipped="0" failures="0">
  <properties>
[...]
</properties>
  <testcase name="testComposeBefore" classname="if5.datasystems.core.models.algebra.OperatorTest" time="0.018"/>
  <testcase name="testApply" classname="if5.datasystems.core.models.algebra.OperatorTest" time="0.001"/>
  <testcase name="testIdentityComposition" classname="if5.datasystems.core.models.algebra.OperatorTest" time="0.001"/>
  <testcase name="testMixedOperatorAndFunctionCompose" classname="if5.datasystems.core.models.algebra.OperatorTest" time="0.001"/>
  <testcase name="testOperatorUsedAsFunctionInChain" classname="if5.datasystems.core.models.algebra.OperatorTest" time="0.001"/>
  <testcase name="testMultiChain" classname="if5.datasystems.core.models.algebra.OperatorTest" time="0.001"/>
  <testcase name="testComposeAfter" classname="if5.datasystems.core.models.algebra.OperatorTest" time="0.001"/>
  <testcase name="testComposeBeforeAndAfterChain" classname="if5.datasystems.core.models.algebra.OperatorTest" time="0.0"/>
  <testcase name="testFunctionAndThenOnOperator" classname="if5.datasystems.core.models.algebra.OperatorTest" time="0.001"/>
  <testcase name="testFunctionComposeOnOperator" classname="if5.datasystems.core.models.algebra.OperatorTest" time="0.001"/>
</testsuite>